  ▲ Next.js 14.2.35
  - Local:        http://127.0.0.1:3003
  - Network:      http://127.0.0.1:3003

 ✓ Starting...
 ✓ Ready in 5s
 ○ Compiling /[slug] ...
 ✓ Compiled /[slug] in 29.9s (1311 modules)
 ○ Compiling / ...
 ✓ Compiled /_error in 6.5s (1556 modules)
 GET / 200 in 7610ms
 ✓ Compiled in 7.1s (1546 modules)
 ○ Compiling /mobiles ...
 ✓ Compiled /mobiles in 1669ms (1553 modules)
 GET /mobiles 200 in 2500ms
 ○ Compiling /laptops ...
 ✓ Compiled /laptops in 2.1s (1532 modules)
 GET /services 200 in 3152ms
 GET /laptops 200 in 3120ms
 ○ Compiling /accessories ...
 ✓ Compiled /tws-headsets in 6.9s (1538 modules)
 GET /power-banks 200 in 7734ms
 GET /tws-headsets 200 in 7742ms
 ○ Compiling /_error ...
 ✓ Compiled /_error in 590ms (1540 modules)
 GET /accessories 500 in 8422ms
 ✓ Compiled in 1361ms (841 modules)
  ▲ Next.js 14.2.35
  - Local:        http://127.0.0.1:3003
  - Network:      http://127.0.0.1:3003

 ✓ Starting...
 ✓ Ready in 4s
